*** Using Compiler 'V6.23', folder: 'D:\Keil_v5\ARM\ARMCLANG\Bin'
Build target 'car-test1'
compiling stm32f1xx_hal_msp.c...
assembling startup_stm32f103xb.s...
compiling tim.c...
compiling Interrupt.c...
compiling myadc.c...
compiling gpio.c...
compiling adc.c...
compiling main.c...
compiling decoder.c...
compiling usart.c...
compiling moto.c...
compiling stm32f1xx_it.c...
compiling delay.c...
compiling pid.c...
compiling fun.c...
compiling filter.c...
compiling gray.c...
compiling proc.c...
compiling oled.c...
compiling IOI2C.c...
compiling MPU6050.c...
compiling inv_mpu_dmp_motion_driver.c...
compiling inv_mpu.c...
linking...
Program Size: Code=39420 RO-data=4220 RW-data=136 ZI-data=3208  
FromELF: creating hex file...
"car-test1\car-test1.axf" - 0 Error(s), 0 Warning(s).
Build Time Elapsed:  00:00:04
